<html>
<head>
<title>TestNG:  Test</title>
<link href="../testng.css" rel="stylesheet" type="text/css" />
<link href="../my-testng.css" rel="stylesheet" type="text/css" />

<style type="text/css">
.log { display: none;} 
.stack-trace { display: none;} 
</style>
<script type="text/javascript">
<!--
function flip(e) {
  current = e.style.display;
  if (current == 'block') {
    e.style.display = 'none';
    return 0;
  }
  else {
    e.style.display = 'block';
    return 1;
  }
}

function toggleBox(szDivId, elem, msg1, msg2)
{
  var res = -1;  if (document.getElementById) {
    res = flip(document.getElementById(szDivId));
  }
  else if (document.all) {
    // this is the way old msie versions work
    res = flip(document.all[szDivId]);
  }
  if(elem) {
    if(res == 0) elem.innerHTML = msg1; else elem.innerHTML = msg2;
  }

}

function toggleAllBoxes() {
  if (document.getElementsByTagName) {
    d = document.getElementsByTagName('div');
    for (i = 0; i < d.length; i++) {
      if (d[i].className == 'log') {
        flip(d[i]);
      }
    }
  }
}

// -->
</script>

</head>
<body>
<h2 align='center'>Test</h2><table border='1' align="center">
<tr>
<td>Tests passed/Failed/Skipped:</td><td>25/3/0</td>
</tr><tr>
<td>Started on:</td><td>Mon Mar 20 23:04:53 MSK 2023</td>
</tr>
<tr><td>Total time:</td><td>0 seconds (503 ms)</td>
</tr><tr>
<td>Included groups:</td><td></td>
</tr><tr>
<td>Excluded groups:</td><td></td>
</tr>
</table><p/>
<small><i>(Hover the method name to see the test class name)</i></small><p/>
<table width='100%' border='1' class='invocation-failed'>
<tr><td colspan='4' align='center'><b>FAILED TESTS</b></td></tr>
<tr><td><b>Test method</b></td>
<td width="30%"><b>Exception</b></td>
<td width="10%"><b>Time (seconds)</b></td>
<td><b>Instance</b></td>
</tr>
<tr>
<td title='online_tusur.unit_online_tusur.StudTestNG.test1()'><b>test1</b><br>Test class: online_tusur.unit_online_tusur.StudTestNG<br>Parameters: k, K</td>
<td><div><pre>java.lang.AssertionError: expected:&lt;K&gt; but was:&lt;k&gt;
	at online_tusur.unit_online_tusur.StudTestNG.test1(StudTestNG.java:36)
	at java.util.concurrent.FutureTask.run(FutureTask.java:266)
	at java.util.concurrent.Executors$RunnableAdapter.call(Executors.java:511)
	at java.util.concurrent.FutureTask.run(FutureTask.java:266)
	at java.util.concurrent.ThreadPoolExecutor.runWorker(ThreadPoolExecutor.java:1149)
	at java.util.concurrent.ThreadPoolExecutor$Worker.run(ThreadPoolExecutor.java:624)
	at java.lang.Thread.run(Thread.java:748)
... Removed 11 stack frames</pre></div><a href='#' onClick='toggleBox("stack-trace2078420192", this, "Click to show all stack frames", "Click to hide stack frames")'>Click to show all stack frames</a>
<div class='stack-trace' id='stack-trace2078420192'><pre>java.lang.AssertionError: expected:&lt;K&gt; but was:&lt;k&gt;
	at org.testng.AssertJUnit.assertEquals(AssertJUnit.java:115)
	at org.testng.AssertJUnit.assertEquals(AssertJUnit.java:125)
	at online_tusur.unit_online_tusur.StudTestNG.test1(StudTestNG.java:36)
	at sun.reflect.NativeMethodAccessorImpl.invoke0(Native Method)
	at sun.reflect.NativeMethodAccessorImpl.invoke(NativeMethodAccessorImpl.java:62)
	at sun.reflect.DelegatingMethodAccessorImpl.invoke(DelegatingMethodAccessorImpl.java:43)
	at java.lang.reflect.Method.invoke(Method.java:498)
	at org.testng.internal.MethodInvocationHelper.invokeMethod(MethodInvocationHelper.java:133)
	at org.testng.internal.TestInvoker.invokeMethod(TestInvoker.java:598)
	at org.testng.internal.TestInvoker.invokeTestMethod(TestInvoker.java:173)
	at org.testng.internal.TestMethodWithDataProviderMethodWorker.call(TestMethodWithDataProviderMethodWorker.java:77)
	at org.testng.internal.TestMethodWithDataProviderMethodWorker.call(TestMethodWithDataProviderMethodWorker.java:15)
	at java.util.concurrent.FutureTask.run(FutureTask.java:266)
	at java.util.concurrent.Executors$RunnableAdapter.call(Executors.java:511)
	at java.util.concurrent.FutureTask.run(FutureTask.java:266)
	at java.util.concurrent.ThreadPoolExecutor.runWorker(ThreadPoolExecutor.java:1149)
	at java.util.concurrent.ThreadPoolExecutor$Worker.run(ThreadPoolExecutor.java:624)
	at java.lang.Thread.run(Thread.java:748)
</pre></div></td>
<td>0</td>
<td>online_tusur.unit_online_tusur.StudTestNG@7ee55e70</td></tr>
<tr>
<td title='online_tusur.unit_online_tusur.StudTestNG.test3()'><b>test3</b><br>Test class: online_tusur.unit_online_tusur.StudTestNG<br>Parameters: 50, 50</td>
<td><div><pre>java.lang.AssertionError: expected:&lt;50&gt; but was:&lt;18&gt;
	at online_tusur.unit_online_tusur.StudTestNG.test3(StudTestNG.java:61)
	at java.util.concurrent.FutureTask.run(FutureTask.java:266)
	at java.util.concurrent.Executors$RunnableAdapter.call(Executors.java:511)
	at java.util.concurrent.FutureTask.run(FutureTask.java:266)
	at java.util.concurrent.ThreadPoolExecutor.runWorker(ThreadPoolExecutor.java:1149)
	at java.util.concurrent.ThreadPoolExecutor$Worker.run(ThreadPoolExecutor.java:624)
	at java.lang.Thread.run(Thread.java:748)
... Removed 14 stack frames</pre></div><a href='#' onClick='toggleBox("stack-trace1728081532", this, "Click to show all stack frames", "Click to hide stack frames")'>Click to show all stack frames</a>
<div class='stack-trace' id='stack-trace1728081532'><pre>java.lang.AssertionError: expected:&lt;50&gt; but was:&lt;18&gt;
	at org.testng.AssertJUnit.fail(AssertJUnit.java:65)
	at org.testng.AssertJUnit.failNotEquals(AssertJUnit.java:468)
	at org.testng.AssertJUnit.assertEquals(AssertJUnit.java:88)
	at org.testng.AssertJUnit.assertEquals(AssertJUnit.java:318)
	at org.testng.AssertJUnit.assertEquals(AssertJUnit.java:328)
	at online_tusur.unit_online_tusur.StudTestNG.test3(StudTestNG.java:61)
	at sun.reflect.NativeMethodAccessorImpl.invoke0(Native Method)
	at sun.reflect.NativeMethodAccessorImpl.invoke(NativeMethodAccessorImpl.java:62)
	at sun.reflect.DelegatingMethodAccessorImpl.invoke(DelegatingMethodAccessorImpl.java:43)
	at java.lang.reflect.Method.invoke(Method.java:498)
	at org.testng.internal.MethodInvocationHelper.invokeMethod(MethodInvocationHelper.java:133)
	at org.testng.internal.TestInvoker.invokeMethod(TestInvoker.java:598)
	at org.testng.internal.TestInvoker.invokeTestMethod(TestInvoker.java:173)
	at org.testng.internal.TestMethodWithDataProviderMethodWorker.call(TestMethodWithDataProviderMethodWorker.java:77)
	at org.testng.internal.TestMethodWithDataProviderMethodWorker.call(TestMethodWithDataProviderMethodWorker.java:15)
	at java.util.concurrent.FutureTask.run(FutureTask.java:266)
	at java.util.concurrent.Executors$RunnableAdapter.call(Executors.java:511)
	at java.util.concurrent.FutureTask.run(FutureTask.java:266)
	at java.util.concurrent.ThreadPoolExecutor.runWorker(ThreadPoolExecutor.java:1149)
	at java.util.concurrent.ThreadPoolExecutor$Worker.run(ThreadPoolExecutor.java:624)
	at java.lang.Thread.run(Thread.java:748)
</pre></div></td>
<td>0</td>
<td>online_tusur.unit_online_tusur.StudTestNG@7ee55e70</td></tr>
<tr>
<td title='online_tusur.unit_online_tusur.TestStudent.test6()'><b>test6</b><br>Test class: online_tusur.unit_online_tusur.TestStudent<br>Parameters: Aleksey, Alekseev, 50, online_tusur.unit_online_tusur.Student@2ecb9a51</td>
<td><div><pre>java.lang.AssertionError: expected [18] but found [50]
	at online_tusur.unit_online_tusur.TestStudent.test6(StudentTestFactory.java:38)
	at java.util.concurrent.ThreadPoolExecutor.runWorker(ThreadPoolExecutor.java:1149)
	at java.util.concurrent.ThreadPoolExecutor$Worker.run(ThreadPoolExecutor.java:624)
	at java.lang.Thread.run(Thread.java:748)
... Removed 18 stack frames</pre></div><a href='#' onClick='toggleBox("stack-trace1088038887", this, "Click to show all stack frames", "Click to hide stack frames")'>Click to show all stack frames</a>
<div class='stack-trace' id='stack-trace1088038887'><pre>java.lang.AssertionError: expected [18] but found [50]
	at org.testng.Assert.fail(Assert.java:99)
	at org.testng.Assert.failNotEquals(Assert.java:1037)
	at org.testng.Assert.assertEqualsImpl(Assert.java:140)
	at org.testng.Assert.assertEquals(Assert.java:122)
	at org.testng.Assert.assertEquals(Assert.java:907)
	at org.testng.Assert.assertEquals(Assert.java:917)
	at online_tusur.unit_online_tusur.TestStudent.test6(StudentTestFactory.java:38)
	at sun.reflect.NativeMethodAccessorImpl.invoke0(Native Method)
	at sun.reflect.NativeMethodAccessorImpl.invoke(NativeMethodAccessorImpl.java:62)
	at sun.reflect.DelegatingMethodAccessorImpl.invoke(DelegatingMethodAccessorImpl.java:43)
	at java.lang.reflect.Method.invoke(Method.java:498)
	at org.testng.internal.MethodInvocationHelper.invokeMethod(MethodInvocationHelper.java:133)
	at org.testng.internal.TestInvoker.invokeMethod(TestInvoker.java:598)
	at org.testng.internal.TestInvoker.invokeTestMethod(TestInvoker.java:173)
	at org.testng.internal.MethodRunner.runInSequence(MethodRunner.java:46)
	at org.testng.internal.TestInvoker$MethodInvocationAgent.invoke(TestInvoker.java:824)
	at org.testng.internal.TestInvoker.invokeTestMethods(TestInvoker.java:146)
	at org.testng.internal.TestMethodWorker.invokeTestMethods(TestMethodWorker.java:146)
	at org.testng.internal.TestMethodWorker.run(TestMethodWorker.java:128)
	at java.util.concurrent.ThreadPoolExecutor.runWorker(ThreadPoolExecutor.java:1149)
	at java.util.concurrent.ThreadPoolExecutor$Worker.run(ThreadPoolExecutor.java:624)
	at java.lang.Thread.run(Thread.java:748)
</pre></div></td>
<td>0</td>
<td>online_tusur.unit_online_tusur.TestStudent@1e34c607</td></tr>
</table><p>
<table width='100%' border='1' class='invocation-passed'>
<tr><td colspan='4' align='center'><b>PASSED TESTS</b></td></tr>
<tr><td><b>Test method</b></td>
<td width="30%"><b>Exception</b></td>
<td width="10%"><b>Time (seconds)</b></td>
<td><b>Instance</b></td>
</tr>
<tr>
<td title='online_tusur.unit_online_tusur.StudTestNG.test3()'><b>test3</b><br>Test class: online_tusur.unit_online_tusur.StudTestNG<br>Parameters: 18, 18</td>
<td></td>
<td>0</td>
<td>online_tusur.unit_online_tusur.StudTestNG@7ee55e70</td></tr>
<tr>
<td title='online_tusur.unit_online_tusur.StudTestNG.test_name()'><b>test_name</b><br>Test class: online_tusur.unit_online_tusur.StudTestNG</td>
<td></td>
<td>0</td>
<td>online_tusur.unit_online_tusur.StudTestNG@7ee55e70</td></tr>
<tr>
<td title='online_tusur.unit_online_tusur.TestStudent.test4()'><b>test4</b><br>Test class: online_tusur.unit_online_tusur.TestStudent<br>Parameters: Alexandr, Ivanov, 18, online_tusur.unit_online_tusur.Student@261e609b</td>
<td></td>
<td>0</td>
<td>online_tusur.unit_online_tusur.TestStudent@1e34c607</td></tr>
<tr>
<td title='online_tusur.unit_online_tusur.StudTestNG.test_MIN()'><b>test_MIN</b><br>Test class: online_tusur.unit_online_tusur.StudTestNG</td>
<td></td>
<td>0</td>
<td>online_tusur.unit_online_tusur.StudTestNG@7ee55e70</td></tr>
<tr>
<td title='online_tusur.unit_online_tusur.TestStudent.test4()'><b>test4</b><br>Test class: online_tusur.unit_online_tusur.TestStudent<br>Parameters: Aleksey, Alekseev, 50, online_tusur.unit_online_tusur.Student@1eadafa3</td>
<td></td>
<td>0</td>
<td>online_tusur.unit_online_tusur.TestStudent@1e34c607</td></tr>
<tr>
<td title='online_tusur.unit_online_tusur.StudTestNG.test2()'><b>test2</b><br>Test class: online_tusur.unit_online_tusur.StudTestNG<br>Parameters: TIMUR, Timur</td>
<td></td>
<td>0</td>
<td>online_tusur.unit_online_tusur.StudTestNG@7ee55e70</td></tr>
<tr>
<td title='online_tusur.unit_online_tusur.StudTestNG.test_AVG()'><b>test_AVG</b><br>Test class: online_tusur.unit_online_tusur.StudTestNG</td>
<td></td>
<td>0</td>
<td>online_tusur.unit_online_tusur.StudTestNG@7ee55e70</td></tr>
<tr>
<td title='online_tusur.unit_online_tusur.StudTestNG.test1()'><b>test1</b><br>Test class: online_tusur.unit_online_tusur.StudTestNG<br>Parameters: P, P</td>
<td></td>
<td>0</td>
<td>online_tusur.unit_online_tusur.StudTestNG@7ee55e70</td></tr>
<tr>
<td title='online_tusur.unit_online_tusur.TestStudent.test6()'><b>test6</b><br>Test class: online_tusur.unit_online_tusur.TestStudent<br>Parameters: Vladimir, Petrov, 18, online_tusur.unit_online_tusur.Student@645d0da7</td>
<td></td>
<td>0</td>
<td>online_tusur.unit_online_tusur.TestStudent@1e34c607</td></tr>
<tr>
<td title='online_tusur.unit_online_tusur.TestStudent.test5()'><b>test5</b><br>Test class: online_tusur.unit_online_tusur.TestStudent<br>Parameters: Alexandr, Ivanov, 18, online_tusur.unit_online_tusur.Student@23d90768</td>
<td></td>
<td>0</td>
<td>online_tusur.unit_online_tusur.TestStudent@1e34c607</td></tr>
<tr>
<td title='online_tusur.unit_online_tusur.TestStudent.test5()'><b>test5</b><br>Test class: online_tusur.unit_online_tusur.TestStudent<br>Parameters: Aleksey, Alekseev, 50, online_tusur.unit_online_tusur.Student@5b4672c9</td>
<td></td>
<td>0</td>
<td>online_tusur.unit_online_tusur.TestStudent@1e34c607</td></tr>
<tr>
<td title='online_tusur.unit_online_tusur.StudTestNG.test2()'><b>test2</b><br>Test class: online_tusur.unit_online_tusur.StudTestNG<br>Parameters: d, D</td>
<td></td>
<td>0</td>
<td>online_tusur.unit_online_tusur.StudTestNG@7ee55e70</td></tr>
<tr>
<td title='online_tusur.unit_online_tusur.StudTestNG.test1()'><b>test1</b><br>Test class: online_tusur.unit_online_tusur.StudTestNG<br>Parameters: iVaNoV, Ivanov</td>
<td></td>
<td>0</td>
<td>online_tusur.unit_online_tusur.StudTestNG@7ee55e70</td></tr>
<tr>
<td title='online_tusur.unit_online_tusur.TestStudent.test5()'><b>test5</b><br>Test class: online_tusur.unit_online_tusur.TestStudent<br>Parameters: Vladimir, Petrov, 18, online_tusur.unit_online_tusur.Student@3ed1e2df</td>
<td></td>
<td>0</td>
<td>online_tusur.unit_online_tusur.TestStudent@1e34c607</td></tr>
<tr>
<td title='online_tusur.unit_online_tusur.TestStudent.test6()'><b>test6</b><br>Test class: online_tusur.unit_online_tusur.TestStudent<br>Parameters: Alexandr, Ivanov, 18, online_tusur.unit_online_tusur.Student@12861a57</td>
<td></td>
<td>0</td>
<td>online_tusur.unit_online_tusur.TestStudent@1e34c607</td></tr>
<tr>
<td title='online_tusur.unit_online_tusur.StudTestNG.test3()'><b>test3</b><br>Test class: online_tusur.unit_online_tusur.StudTestNG<br>Parameters: 51, 18</td>
<td></td>
<td>0</td>
<td>online_tusur.unit_online_tusur.StudTestNG@7ee55e70</td></tr>
<tr>
<td title='online_tusur.unit_online_tusur.StudTestNG.test3()'><b>test3</b><br>Test class: online_tusur.unit_online_tusur.StudTestNG<br>Parameters: 17, 18</td>
<td></td>
<td>0</td>
<td>online_tusur.unit_online_tusur.StudTestNG@7ee55e70</td></tr>
<tr>
<td title='online_tusur.unit_online_tusur.StudTestNG.test1()'><b>test1</b><br>Test class: online_tusur.unit_online_tusur.StudTestNG<br>Parameters: PeTrOv, Petrov</td>
<td></td>
<td>0</td>
<td>online_tusur.unit_online_tusur.StudTestNG@7ee55e70</td></tr>
<tr>
<td title='online_tusur.unit_online_tusur.TestStudent.test5()'><b>test5</b><br>Test class: online_tusur.unit_online_tusur.TestStudent<br>Parameters: Konstantin, Petrov, 18, online_tusur.unit_online_tusur.Student@3b2bf516</td>
<td></td>
<td>0</td>
<td>online_tusur.unit_online_tusur.TestStudent@1e34c607</td></tr>
<tr>
<td title='online_tusur.unit_online_tusur.TestStudent.test4()'><b>test4</b><br>Test class: online_tusur.unit_online_tusur.TestStudent<br>Parameters: Vladimir, Petrov, 18, online_tusur.unit_online_tusur.Student@269053a8</td>
<td></td>
<td>0</td>
<td>online_tusur.unit_online_tusur.TestStudent@1e34c607</td></tr>
<tr>
<td title='online_tusur.unit_online_tusur.StudTestNG.test2()'><b>test2</b><br>Test class: online_tusur.unit_online_tusur.StudTestNG<br>Parameters: damir, Damir</td>
<td></td>
<td>0</td>
<td>online_tusur.unit_online_tusur.StudTestNG@7ee55e70</td></tr>
<tr>
<td title='online_tusur.unit_online_tusur.StudTestNG.test_MAX()'><b>test_MAX</b><br>Test class: online_tusur.unit_online_tusur.StudTestNG</td>
<td></td>
<td>0</td>
<td>online_tusur.unit_online_tusur.StudTestNG@7ee55e70</td></tr>
<tr>
<td title='online_tusur.unit_online_tusur.TestStudent.test6()'><b>test6</b><br>Test class: online_tusur.unit_online_tusur.TestStudent<br>Parameters: Konstantin, Petrov, 18, online_tusur.unit_online_tusur.Student@2b7342e7</td>
<td></td>
<td>0</td>
<td>online_tusur.unit_online_tusur.TestStudent@1e34c607</td></tr>
<tr>
<td title='online_tusur.unit_online_tusur.TestStudent.test4()'><b>test4</b><br>Test class: online_tusur.unit_online_tusur.TestStudent<br>Parameters: Konstantin, Petrov, 18, online_tusur.unit_online_tusur.Student@12e6fc0</td>
<td></td>
<td>0</td>
<td>online_tusur.unit_online_tusur.TestStudent@1e34c607</td></tr>
<tr>
<td title='online_tusur.unit_online_tusur.StudTestNG.test2()'><b>test2</b><br>Test class: online_tusur.unit_online_tusur.StudTestNG<br>Parameters: T, T</td>
<td></td>
<td>0</td>
<td>online_tusur.unit_online_tusur.StudTestNG@7ee55e70</td></tr>
</table><p>
</body>
</html>