<?xml version="1.0" encoding="UTF-8"?>
<testng-results skipped="0" failed="3" ignored="0" total="28" passed="25">
  <reporter-output>
  </reporter-output>
  <suite name="Suite" duration-ms="503" started-at="2023-03-20T23:04:53 MSK" finished-at="2023-03-20T23:04:53 MSK">
    <groups>
    </groups>
    <test name="Test" duration-ms="503" started-at="2023-03-20T23:04:53 MSK" finished-at="2023-03-20T23:04:53 MSK">
      <class name="online_tusur.unit_online_tusur.TestStudent">
        <test-method status="PASS" signature="test4(java.lang.String,java.lang.String,int,online_tusur.unit_online_tusur.Student)[pri:0, instance:online_tusur.unit_online_tusur.TestStudent@1e34c607, instance params:[]]" name="test4" duration-ms="12" started-at="2023-03-20T23:04:53 MSK" data-provider="dataST" finished-at="2023-03-20T23:04:53 MSK">
          <params>
            <param index="0">
              <value>
                <![CDATA[Alexandr]]>
              </value>
            </param>
            <param index="1">
              <value>
                <![CDATA[Ivanov]]>
              </value>
            </param>
            <param index="2">
              <value>
                <![CDATA[18]]>
              </value>
            </param>
            <param index="3">
              <value>
                <![CDATA[online_tusur.unit_online_tusur.Student@261e609b]]>
              </value>
            </param>
          </params>
          <reporter-output>
          </reporter-output>
        </test-method> <!-- test4 -->
        <test-method status="PASS" signature="test5(java.lang.String,java.lang.String,int,online_tusur.unit_online_tusur.Student)[pri:0, instance:online_tusur.unit_online_tusur.TestStudent@1e34c607, instance params:[]]" name="test5" duration-ms="26" started-at="2023-03-20T23:04:53 MSK" data-provider="dataST" finished-at="2023-03-20T23:04:53 MSK">
          <params>
            <param index="0">
              <value>
                <![CDATA[Alexandr]]>
              </value>
            </param>
            <param index="1">
              <value>
                <![CDATA[Ivanov]]>
              </value>
            </param>
            <param index="2">
              <value>
                <![CDATA[18]]>
              </value>
            </param>
            <param index="3">
              <value>
                <![CDATA[online_tusur.unit_online_tusur.Student@23d90768]]>
              </value>
            </param>
          </params>
          <reporter-output>
          </reporter-output>
        </test-method> <!-- test5 -->
        <test-method status="PASS" signature="test4(java.lang.String,java.lang.String,int,online_tusur.unit_online_tusur.Student)[pri:0, instance:online_tusur.unit_online_tusur.TestStudent@1e34c607, instance params:[]]" name="test4" duration-ms="2" started-at="2023-03-20T23:04:53 MSK" data-provider="dataST" finished-at="2023-03-20T23:04:53 MSK">
          <params>
            <param index="0">
              <value>
                <![CDATA[Vladimir]]>
              </value>
            </param>
            <param index="1">
              <value>
                <![CDATA[Petrov]]>
              </value>
            </param>
            <param index="2">
              <value>
                <![CDATA[18]]>
              </value>
            </param>
            <param index="3">
              <value>
                <![CDATA[online_tusur.unit_online_tusur.Student@269053a8]]>
              </value>
            </param>
          </params>
          <reporter-output>
          </reporter-output>
        </test-method> <!-- test4 -->
        <test-method status="PASS" signature="test4(java.lang.String,java.lang.String,int,online_tusur.unit_online_tusur.Student)[pri:0, instance:online_tusur.unit_online_tusur.TestStudent@1e34c607, instance params:[]]" name="test4" duration-ms="4" started-at="2023-03-20T23:04:53 MSK" data-provider="dataST" finished-at="2023-03-20T23:04:53 MSK">
          <params>
            <param index="0">
              <value>
                <![CDATA[Aleksey]]>
              </value>
            </param>
            <param index="1">
              <value>
                <![CDATA[Alekseev]]>
              </value>
            </param>
            <param index="2">
              <value>
                <![CDATA[50]]>
              </value>
            </param>
            <param index="3">
              <value>
                <![CDATA[online_tusur.unit_online_tusur.Student@1eadafa3]]>
              </value>
            </param>
          </params>
          <reporter-output>
          </reporter-output>
        </test-method> <!-- test4 -->
        <test-method status="PASS" signature="test4(java.lang.String,java.lang.String,int,online_tusur.unit_online_tusur.Student)[pri:0, instance:online_tusur.unit_online_tusur.TestStudent@1e34c607, instance params:[]]" name="test4" duration-ms="3" started-at="2023-03-20T23:04:53 MSK" data-provider="dataST" finished-at="2023-03-20T23:04:53 MSK">
          <params>
            <param index="0">
              <value>
                <![CDATA[Konstantin]]>
              </value>
            </param>
            <param index="1">
              <value>
                <![CDATA[Petrov]]>
              </value>
            </param>
            <param index="2">
              <value>
                <![CDATA[18]]>
              </value>
            </param>
            <param index="3">
              <value>
                <![CDATA[online_tusur.unit_online_tusur.Student@12e6fc0]]>
              </value>
            </param>
          </params>
          <reporter-output>
          </reporter-output>
        </test-method> <!-- test4 -->
        <test-method status="PASS" signature="test6(java.lang.String,java.lang.String,int,online_tusur.unit_online_tusur.Student)[pri:0, instance:online_tusur.unit_online_tusur.TestStudent@1e34c607, instance params:[]]" name="test6" duration-ms="2" started-at="2023-03-20T23:04:53 MSK" data-provider="dataST" finished-at="2023-03-20T23:04:53 MSK">
          <params>
            <param index="0">
              <value>
                <![CDATA[Alexandr]]>
              </value>
            </param>
            <param index="1">
              <value>
                <![CDATA[Ivanov]]>
              </value>
            </param>
            <param index="2">
              <value>
                <![CDATA[18]]>
              </value>
            </param>
            <param index="3">
              <value>
                <![CDATA[online_tusur.unit_online_tusur.Student@12861a57]]>
              </value>
            </param>
          </params>
          <reporter-output>
          </reporter-output>
        </test-method> <!-- test6 -->
        <test-method status="PASS" signature="test5(java.lang.String,java.lang.String,int,online_tusur.unit_online_tusur.Student)[pri:0, instance:online_tusur.unit_online_tusur.TestStudent@1e34c607, instance params:[]]" name="test5" duration-ms="3" started-at="2023-03-20T23:04:53 MSK" data-provider="dataST" finished-at="2023-03-20T23:04:53 MSK">
          <params>
            <param index="0">
              <value>
                <![CDATA[Vladimir]]>
              </value>
            </param>
            <param index="1">
              <value>
                <![CDATA[Petrov]]>
              </value>
            </param>
            <param index="2">
              <value>
                <![CDATA[18]]>
              </value>
            </param>
            <param index="3">
              <value>
                <![CDATA[online_tusur.unit_online_tusur.Student@3ed1e2df]]>
              </value>
            </param>
          </params>
          <reporter-output>
          </reporter-output>
        </test-method> <!-- test5 -->
        <test-method status="PASS" signature="test6(java.lang.String,java.lang.String,int,online_tusur.unit_online_tusur.Student)[pri:0, instance:online_tusur.unit_online_tusur.TestStudent@1e34c607, instance params:[]]" name="test6" duration-ms="1" started-at="2023-03-20T23:04:53 MSK" data-provider="dataST" finished-at="2023-03-20T23:04:53 MSK">
          <params>
            <param index="0">
              <value>
                <![CDATA[Vladimir]]>
              </value>
            </param>
            <param index="1">
              <value>
                <![CDATA[Petrov]]>
              </value>
            </param>
            <param index="2">
              <value>
                <![CDATA[18]]>
              </value>
            </param>
            <param index="3">
              <value>
                <![CDATA[online_tusur.unit_online_tusur.Student@645d0da7]]>
              </value>
            </param>
          </params>
          <reporter-output>
          </reporter-output>
        </test-method> <!-- test6 -->
        <test-method status="PASS" signature="test5(java.lang.String,java.lang.String,int,online_tusur.unit_online_tusur.Student)[pri:0, instance:online_tusur.unit_online_tusur.TestStudent@1e34c607, instance params:[]]" name="test5" duration-ms="3" started-at="2023-03-20T23:04:53 MSK" data-provider="dataST" finished-at="2023-03-20T23:04:53 MSK">
          <params>
            <param index="0">
              <value>
                <![CDATA[Aleksey]]>
              </value>
            </param>
            <param index="1">
              <value>
                <![CDATA[Alekseev]]>
              </value>
            </param>
            <param index="2">
              <value>
                <![CDATA[50]]>
              </value>
            </param>
            <param index="3">
              <value>
                <![CDATA[online_tusur.unit_online_tusur.Student@5b4672c9]]>
              </value>
            </param>
          </params>
          <reporter-output>
          </reporter-output>
        </test-method> <!-- test5 -->
        <test-method status="FAIL" signature="test6(java.lang.String,java.lang.String,int,online_tusur.unit_online_tusur.Student)[pri:0, instance:online_tusur.unit_online_tusur.TestStudent@1e34c607, instance params:[]]" name="test6" duration-ms="5" started-at="2023-03-20T23:04:53 MSK" data-provider="dataST" finished-at="2023-03-20T23:04:53 MSK">
          <params>
            <param index="0">
              <value>
                <![CDATA[Aleksey]]>
              </value>
            </param>
            <param index="1">
              <value>
                <![CDATA[Alekseev]]>
              </value>
            </param>
            <param index="2">
              <value>
                <![CDATA[50]]>
              </value>
            </param>
            <param index="3">
              <value>
                <![CDATA[online_tusur.unit_online_tusur.Student@2ecb9a51]]>
              </value>
            </param>
          </params>
          <exception class="java.lang.AssertionError">
            <message>
              <![CDATA[expected [18] but found [50]]]>
            </message>
            <full-stacktrace>
              <![CDATA[java.lang.AssertionError: expected [18] but found [50]
at org.testng.Assert.fail(Assert.java:99)
at org.testng.Assert.failNotEquals(Assert.java:1037)
at org.testng.Assert.assertEqualsImpl(Assert.java:140)
at org.testng.Assert.assertEquals(Assert.java:122)
at org.testng.Assert.assertEquals(Assert.java:907)
at org.testng.Assert.assertEquals(Assert.java:917)
at online_tusur.unit_online_tusur.TestStudent.test6(StudentTestFactory.java:38)
at sun.reflect.NativeMethodAccessorImpl.invoke0(Native Method)
at sun.reflect.NativeMethodAccessorImpl.invoke(NativeMethodAccessorImpl.java:62)
at sun.reflect.DelegatingMethodAccessorImpl.invoke(DelegatingMethodAccessorImpl.java:43)
at java.lang.reflect.Method.invoke(Method.java:498)
at org.testng.internal.MethodInvocationHelper.invokeMethod(MethodInvocationHelper.java:133)
at org.testng.internal.TestInvoker.invokeMethod(TestInvoker.java:598)
at org.testng.internal.TestInvoker.invokeTestMethod(TestInvoker.java:173)
at org.testng.internal.MethodRunner.runInSequence(MethodRunner.java:46)
at org.testng.internal.TestInvoker$MethodInvocationAgent.invoke(TestInvoker.java:824)
at org.testng.internal.TestInvoker.invokeTestMethods(TestInvoker.java:146)
at org.testng.internal.TestMethodWorker.invokeTestMethods(TestMethodWorker.java:146)
at org.testng.internal.TestMethodWorker.run(TestMethodWorker.java:128)
at java.util.concurrent.ThreadPoolExecutor.runWorker(ThreadPoolExecutor.java:1149)
at java.util.concurrent.ThreadPoolExecutor$Worker.run(ThreadPoolExecutor.java:624)
at java.lang.Thread.run(Thread.java:748)
]]>
            </full-stacktrace>
          </exception> <!-- java.lang.AssertionError -->
          <reporter-output>
          </reporter-output>
        </test-method> <!-- test6 -->
        <test-method status="PASS" signature="test5(java.lang.String,java.lang.String,int,online_tusur.unit_online_tusur.Student)[pri:0, instance:online_tusur.unit_online_tusur.TestStudent@1e34c607, instance params:[]]" name="test5" duration-ms="2" started-at="2023-03-20T23:04:53 MSK" data-provider="dataST" finished-at="2023-03-20T23:04:53 MSK">
          <params>
            <param index="0">
              <value>
                <![CDATA[Konstantin]]>
              </value>
            </param>
            <param index="1">
              <value>
                <![CDATA[Petrov]]>
              </value>
            </param>
            <param index="2">
              <value>
                <![CDATA[18]]>
              </value>
            </param>
            <param index="3">
              <value>
                <![CDATA[online_tusur.unit_online_tusur.Student@3b2bf516]]>
              </value>
            </param>
          </params>
          <reporter-output>
          </reporter-output>
        </test-method> <!-- test5 -->
        <test-method status="PASS" signature="test6(java.lang.String,java.lang.String,int,online_tusur.unit_online_tusur.Student)[pri:0, instance:online_tusur.unit_online_tusur.TestStudent@1e34c607, instance params:[]]" name="test6" duration-ms="2" started-at="2023-03-20T23:04:53 MSK" data-provider="dataST" finished-at="2023-03-20T23:04:53 MSK">
          <params>
            <param index="0">
              <value>
                <![CDATA[Konstantin]]>
              </value>
            </param>
            <param index="1">
              <value>
                <![CDATA[Petrov]]>
              </value>
            </param>
            <param index="2">
              <value>
                <![CDATA[18]]>
              </value>
            </param>
            <param index="3">
              <value>
                <![CDATA[online_tusur.unit_online_tusur.Student@2b7342e7]]>
              </value>
            </param>
          </params>
          <reporter-output>
          </reporter-output>
        </test-method> <!-- test6 -->
      </class> <!-- online_tusur.unit_online_tusur.TestStudent -->
      <class name="online_tusur.unit_online_tusur.StudTestNG">
        <test-method status="PASS" signature="bef_class()[pri:0, instance:online_tusur.unit_online_tusur.StudTestNG@7ee55e70]" name="bef_class" is-config="true" duration-ms="23" started-at="2023-03-20T23:04:53 MSK" finished-at="2023-03-20T23:04:53 MSK">
          <reporter-output>
          </reporter-output>
        </test-method> <!-- bef_class -->
        <test-method status="PASS" signature="test_MAX()[pri:0, instance:online_tusur.unit_online_tusur.StudTestNG@7ee55e70]" name="test_MAX" duration-ms="79" started-at="2023-03-20T23:04:53 MSK" finished-at="2023-03-20T23:04:53 MSK">
          <reporter-output>
          </reporter-output>
        </test-method> <!-- test_MAX -->
        <test-method status="PASS" signature="test_name()[pri:0, instance:online_tusur.unit_online_tusur.StudTestNG@7ee55e70]" name="test_name" duration-ms="93" started-at="2023-03-20T23:04:53 MSK" finished-at="2023-03-20T23:04:53 MSK">
          <reporter-output>
          </reporter-output>
        </test-method> <!-- test_name -->
        <test-method status="PASS" signature="test_MIN()[pri:0, instance:online_tusur.unit_online_tusur.StudTestNG@7ee55e70]" name="test_MIN" duration-ms="81" started-at="2023-03-20T23:04:53 MSK" finished-at="2023-03-20T23:04:53 MSK">
          <reporter-output>
          </reporter-output>
        </test-method> <!-- test_MIN -->
        <test-method status="PASS" signature="test_AVG()[pri:0, instance:online_tusur.unit_online_tusur.StudTestNG@7ee55e70]" name="test_AVG" duration-ms="82" started-at="2023-03-20T23:04:53 MSK" finished-at="2023-03-20T23:04:53 MSK">
          <reporter-output>
          </reporter-output>
        </test-method> <!-- test_AVG -->
        <test-method status="PASS" signature="test3(int,int)[pri:0, instance:online_tusur.unit_online_tusur.StudTestNG@7ee55e70]" name="test3" duration-ms="77" started-at="2023-03-20T23:04:53 MSK" data-provider="data3" finished-at="2023-03-20T23:04:53 MSK">
          <params>
            <param index="0">
              <value>
                <![CDATA[17]]>
              </value>
            </param>
            <param index="1">
              <value>
                <![CDATA[18]]>
              </value>
            </param>
          </params>
          <reporter-output>
          </reporter-output>
        </test-method> <!-- test3 -->
        <test-method status="PASS" signature="test3(int,int)[pri:0, instance:online_tusur.unit_online_tusur.StudTestNG@7ee55e70]" name="test3" duration-ms="76" started-at="2023-03-20T23:04:53 MSK" data-provider="data3" finished-at="2023-03-20T23:04:53 MSK">
          <params>
            <param index="0">
              <value>
                <![CDATA[18]]>
              </value>
            </param>
            <param index="1">
              <value>
                <![CDATA[18]]>
              </value>
            </param>
          </params>
          <reporter-output>
          </reporter-output>
        </test-method> <!-- test3 -->
        <test-method status="FAIL" signature="test3(int,int)[pri:0, instance:online_tusur.unit_online_tusur.StudTestNG@7ee55e70]" name="test3" duration-ms="78" started-at="2023-03-20T23:04:53 MSK" data-provider="data3" finished-at="2023-03-20T23:04:53 MSK">
          <params>
            <param index="0">
              <value>
                <![CDATA[50]]>
              </value>
            </param>
            <param index="1">
              <value>
                <![CDATA[50]]>
              </value>
            </param>
          </params>
          <exception class="java.lang.AssertionError">
            <message>
              <![CDATA[expected:<50> but was:<18>]]>
            </message>
            <full-stacktrace>
              <![CDATA[java.lang.AssertionError: expected:<50> but was:<18>
at org.testng.AssertJUnit.fail(AssertJUnit.java:65)
at org.testng.AssertJUnit.failNotEquals(AssertJUnit.java:468)
at org.testng.AssertJUnit.assertEquals(AssertJUnit.java:88)
at org.testng.AssertJUnit.assertEquals(AssertJUnit.java:318)
at org.testng.AssertJUnit.assertEquals(AssertJUnit.java:328)
at online_tusur.unit_online_tusur.StudTestNG.test3(StudTestNG.java:61)
at sun.reflect.NativeMethodAccessorImpl.invoke0(Native Method)
at sun.reflect.NativeMethodAccessorImpl.invoke(NativeMethodAccessorImpl.java:62)
at sun.reflect.DelegatingMethodAccessorImpl.invoke(DelegatingMethodAccessorImpl.java:43)
at java.lang.reflect.Method.invoke(Method.java:498)
at org.testng.internal.MethodInvocationHelper.invokeMethod(MethodInvocationHelper.java:133)
at org.testng.internal.TestInvoker.invokeMethod(TestInvoker.java:598)
at org.testng.internal.TestInvoker.invokeTestMethod(TestInvoker.java:173)
at org.testng.internal.TestMethodWithDataProviderMethodWorker.call(TestMethodWithDataProviderMethodWorker.java:77)
at org.testng.internal.TestMethodWithDataProviderMethodWorker.call(TestMethodWithDataProviderMethodWorker.java:15)
at java.util.concurrent.FutureTask.run(FutureTask.java:266)
at java.util.concurrent.Executors$RunnableAdapter.call(Executors.java:511)
at java.util.concurrent.FutureTask.run(FutureTask.java:266)
at java.util.concurrent.ThreadPoolExecutor.runWorker(ThreadPoolExecutor.java:1149)
at java.util.concurrent.ThreadPoolExecutor$Worker.run(ThreadPoolExecutor.java:624)
at java.lang.Thread.run(Thread.java:748)
]]>
            </full-stacktrace>
          </exception> <!-- java.lang.AssertionError -->
          <reporter-output>
          </reporter-output>
        </test-method> <!-- test3 -->
        <test-method status="PASS" signature="test3(int,int)[pri:0, instance:online_tusur.unit_online_tusur.StudTestNG@7ee55e70]" name="test3" duration-ms="72" started-at="2023-03-20T23:04:53 MSK" data-provider="data3" finished-at="2023-03-20T23:04:53 MSK">
          <params>
            <param index="0">
              <value>
                <![CDATA[51]]>
              </value>
            </param>
            <param index="1">
              <value>
                <![CDATA[18]]>
              </value>
            </param>
          </params>
          <reporter-output>
          </reporter-output>
        </test-method> <!-- test3 -->
        <test-method status="PASS" signature="test2(java.lang.String,java.lang.String)[pri:0, instance:online_tusur.unit_online_tusur.StudTestNG@7ee55e70]" name="test2" duration-ms="75" started-at="2023-03-20T23:04:53 MSK" data-provider="data2" finished-at="2023-03-20T23:04:53 MSK">
          <params>
            <param index="0">
              <value>
                <![CDATA[damir]]>
              </value>
            </param>
            <param index="1">
              <value>
                <![CDATA[Damir]]>
              </value>
            </param>
          </params>
          <reporter-output>
          </reporter-output>
        </test-method> <!-- test2 -->
        <test-method status="PASS" signature="test1(java.lang.String,java.lang.String)[pri:0, instance:online_tusur.unit_online_tusur.StudTestNG@7ee55e70]" name="test1" duration-ms="69" started-at="2023-03-20T23:04:53 MSK" data-provider="data1" finished-at="2023-03-20T23:04:53 MSK">
          <params>
            <param index="0">
              <value>
                <![CDATA[PeTrOv]]>
              </value>
            </param>
            <param index="1">
              <value>
                <![CDATA[Petrov]]>
              </value>
            </param>
          </params>
          <reporter-output>
          </reporter-output>
        </test-method> <!-- test1 -->
        <test-method status="PASS" signature="test2(java.lang.String,java.lang.String)[pri:0, instance:online_tusur.unit_online_tusur.StudTestNG@7ee55e70]" name="test2" duration-ms="74" started-at="2023-03-20T23:04:53 MSK" data-provider="data2" finished-at="2023-03-20T23:04:53 MSK">
          <params>
            <param index="0">
              <value>
                <![CDATA[T]]>
              </value>
            </param>
            <param index="1">
              <value>
                <![CDATA[T]]>
              </value>
            </param>
          </params>
          <reporter-output>
          </reporter-output>
        </test-method> <!-- test2 -->
        <test-method status="FAIL" signature="test1(java.lang.String,java.lang.String)[pri:0, instance:online_tusur.unit_online_tusur.StudTestNG@7ee55e70]" name="test1" duration-ms="68" started-at="2023-03-20T23:04:53 MSK" data-provider="data1" finished-at="2023-03-20T23:04:53 MSK">
          <params>
            <param index="0">
              <value>
                <![CDATA[k]]>
              </value>
            </param>
            <param index="1">
              <value>
                <![CDATA[K]]>
              </value>
            </param>
          </params>
          <exception class="java.lang.AssertionError">
            <message>
              <![CDATA[expected:<K> but was:<k>]]>
            </message>
            <full-stacktrace>
              <![CDATA[java.lang.AssertionError: expected:<K> but was:<k>
at org.testng.AssertJUnit.assertEquals(AssertJUnit.java:115)
at org.testng.AssertJUnit.assertEquals(AssertJUnit.java:125)
at online_tusur.unit_online_tusur.StudTestNG.test1(StudTestNG.java:36)
at sun.reflect.NativeMethodAccessorImpl.invoke0(Native Method)
at sun.reflect.NativeMethodAccessorImpl.invoke(NativeMethodAccessorImpl.java:62)
at sun.reflect.DelegatingMethodAccessorImpl.invoke(DelegatingMethodAccessorImpl.java:43)
at java.lang.reflect.Method.invoke(Method.java:498)
at org.testng.internal.MethodInvocationHelper.invokeMethod(MethodInvocationHelper.java:133)
at org.testng.internal.TestInvoker.invokeMethod(TestInvoker.java:598)
at org.testng.internal.TestInvoker.invokeTestMethod(TestInvoker.java:173)
at org.testng.internal.TestMethodWithDataProviderMethodWorker.call(TestMethodWithDataProviderMethodWorker.java:77)
at org.testng.internal.TestMethodWithDataProviderMethodWorker.call(TestMethodWithDataProviderMethodWorker.java:15)
at java.util.concurrent.FutureTask.run(FutureTask.java:266)
at java.util.concurrent.Executors$RunnableAdapter.call(Executors.java:511)
at java.util.concurrent.FutureTask.run(FutureTask.java:266)
at java.util.concurrent.ThreadPoolExecutor.runWorker(ThreadPoolExecutor.java:1149)
at java.util.concurrent.ThreadPoolExecutor$Worker.run(ThreadPoolExecutor.java:624)
at java.lang.Thread.run(Thread.java:748)
]]>
            </full-stacktrace>
          </exception> <!-- java.lang.AssertionError -->
          <reporter-output>
          </reporter-output>
        </test-method> <!-- test1 -->
        <test-method status="PASS" signature="test1(java.lang.String,java.lang.String)[pri:0, instance:online_tusur.unit_online_tusur.StudTestNG@7ee55e70]" name="test1" duration-ms="75" started-at="2023-03-20T23:04:53 MSK" data-provider="data1" finished-at="2023-03-20T23:04:53 MSK">
          <params>
            <param index="0">
              <value>
                <![CDATA[P]]>
              </value>
            </param>
            <param index="1">
              <value>
                <![CDATA[P]]>
              </value>
            </param>
          </params>
          <reporter-output>
          </reporter-output>
        </test-method> <!-- test1 -->
        <test-method status="PASS" signature="test2(java.lang.String,java.lang.String)[pri:0, instance:online_tusur.unit_online_tusur.StudTestNG@7ee55e70]" name="test2" duration-ms="75" started-at="2023-03-20T23:04:53 MSK" data-provider="data2" finished-at="2023-03-20T23:04:53 MSK">
          <params>
            <param index="0">
              <value>
                <![CDATA[d]]>
              </value>
            </param>
            <param index="1">
              <value>
                <![CDATA[D]]>
              </value>
            </param>
          </params>
          <reporter-output>
          </reporter-output>
        </test-method> <!-- test2 -->
        <test-method status="PASS" signature="test2(java.lang.String,java.lang.String)[pri:0, instance:online_tusur.unit_online_tusur.StudTestNG@7ee55e70]" name="test2" duration-ms="77" started-at="2023-03-20T23:04:53 MSK" data-provider="data2" finished-at="2023-03-20T23:04:53 MSK">
          <params>
            <param index="0">
              <value>
                <![CDATA[TIMUR]]>
              </value>
            </param>
            <param index="1">
              <value>
                <![CDATA[Timur]]>
              </value>
            </param>
          </params>
          <reporter-output>
          </reporter-output>
        </test-method> <!-- test2 -->
        <test-method status="PASS" signature="test1(java.lang.String,java.lang.String)[pri:0, instance:online_tusur.unit_online_tusur.StudTestNG@7ee55e70]" name="test1" duration-ms="71" started-at="2023-03-20T23:04:53 MSK" data-provider="data1" finished-at="2023-03-20T23:04:53 MSK">
          <params>
            <param index="0">
              <value>
                <![CDATA[iVaNoV]]>
              </value>
            </param>
            <param index="1">
              <value>
                <![CDATA[Ivanov]]>
              </value>
            </param>
          </params>
          <reporter-output>
          </reporter-output>
        </test-method> <!-- test1 -->
        <test-method status="PASS" signature="aft_class()[pri:0, instance:online_tusur.unit_online_tusur.StudTestNG@7ee55e70]" name="aft_class" is-config="true" duration-ms="1" started-at="2023-03-20T23:04:53 MSK" finished-at="2023-03-20T23:04:53 MSK">
          <reporter-output>
          </reporter-output>
        </test-method> <!-- aft_class -->
      </class> <!-- online_tusur.unit_online_tusur.StudTestNG -->
    </test> <!-- Test -->
  </suite> <!-- Suite -->
</testng-results>
